0:100  0:100  MemLog inited, TSC freq: 2304276880
0:100  0:000  CPU was calibrated with RTC
0:100  0:000  
0:100  0:000  Now is 17.04.2020,  17:11:45 (GMT)
0:100  0:000  Starting Clover revision: 5102 (master, commit 12d559ae) on INSYDE Corp. EFI
0:100  0:000  Build with: [Args: -D NO_GRUB_DRIVERS_EMBEDDED -t GCC53 | -D NO_GRUB_DRIVERS_EMBEDDED --conf=/Users/sergey/src/CloverHackyColor/Conf -D USE_LOW_EBDA -a X64 -b RELEASE -t GCC53 -n 5 | OS: 10.14.6]
0:100  0:000  SelfDevicePath=PciRoot(0x0)\Pci(0x1D,0x4)\Pci(0x0,0x0)\NVMe(0x1,00-00-00-00-00-00-00-00)\HD(1,GPT,24517E0E-27F6-4E00-9B98-8C0C1BF3D6AC,0x28,0x64000) @6F6D0518
0:100  0:000  SelfDirPath = \EFI\CLOVER
0:100  0:000  SimpleTextEx Status=Success
0:100  0:000  === [ Get Smbios ] ========================================
0:100  0:000  Type 16 Index = 0
0:101  0:000  Total Memory Slots Count = 2
0:101  0:000  Type 17 Index = 0
0:101  0:000  SmbiosTable.Type17->Speed = 2400MHz
0:101  0:000  SmbiosTable.Type17->Size = 4096MB
0:101  0:000  SmbiosTable.Type17->Bank/Device = BANK 0 ChannelA-DIMM0
0:101  0:000  SmbiosTable.Type17->Vendor = Samsung
0:101  0:000  SmbiosTable.Type17->SerialNumber = 00000000
0:101  0:000  SmbiosTable.Type17->PartNumber = M471A5244CB0-CTD    
0:101  0:000  Type 17 Index = 1
0:101  0:000  SmbiosTable.Type17->Speed = 2400MHz
0:101  0:000  SmbiosTable.Type17->Size = 4096MB
0:101  0:000  SmbiosTable.Type17->Bank/Device = BANK 2 ChannelB-DIMM0
0:101  0:000  SmbiosTable.Type17->Vendor = SK Hynix
0:101  0:000  SmbiosTable.Type17->SerialNumber = 2F5CF3ED
0:101  0:000  SmbiosTable.Type17->PartNumber = HMA851S6JJR6N-VK    
0:101  0:000  Boot status=0
0:101  0:000  Running on: '81N8' with board 'LNVNB161216'
0:101  0:000  === [ GetCPUProperties ] ==================================
0:101  0:000  CPU Vendor = 756E6547 Model=806EC
0:101  0:000   The CPU supported SSE4.1
0:101  0:000  BrandString = Intel(R) Core(TM) i3-8145U CPU @ 2.10GHz
0:101  0:000   The CPU supported turbo
0:101  0:000  MSR 0x35               20004
0:101  0:000   TSC/CCC Information Leaf:
0:101  0:000    numerator     : 192
0:101  0:000    denominator   : 2
0:101  0:000   Calibrated ARTFrequency: 24002884
0:101  0:000   Rounded ARTFrequency: 24000000
0:101  0:000  MSR 0xE2 before patch 1E008008
0:101  0:000  MSR 0xE2 is locked, PM patches will be turned on
0:101  0:000  MSR 0xCE              0004043D_F1011700
0:101  0:000  corrected FLEX_RATIO = 0
0:101  0:000  MSR 0x1B0             00000000
0:101  0:000  FSBFrequency = 87 MHz, DMI FSBFrequency = 100 MHz, Corrected FSBFrequency = 100 MHz
0:101  0:000  MaxDiv/MinDiv: 23.0/4
0:101  0:000  Turbo: 37/37/37/39
0:101  0:000  Features: 0xBFEBFBFF
0:101  0:000  Threads: 4
0:101  0:000  Cores: 2
0:101  0:000  FSB: 100 MHz
0:101  0:000  CPU: 1980 MHz
0:101  0:000  TSC: 1980 MHz
0:101  0:000  PIS: 100 MHz
0:101  0:000  ExternalClock: 25 MHz
0:101  0:000  === [ GetDevices ] ========================================
0:101  0:000  GOP found at: <null string>
0:101  0:000  PCI (00|00:00.00) : 8086 3E35 class=060000
0:101  0:000  PCI (00|00:02.00) : 8086 3EA0 class=030000
0:101  0:000   - GFX: Model=Intel UHD Graphics 620 (Intel)
0:101  0:000  PCI (00|00:04.00) : 8086 1903 class=118000
0:101  0:000  PCI (00|00:08.00) : 8086 1911 class=088000
0:101  0:000  PCI (00|00:12.00) : 8086 9DF9 class=118000
0:101  0:000  PCI (00|00:14.00) : 8086 9DED class=0C0330
0:101  0:000  PCI (00|00:14.02) : 8086 9DEF class=050000
0:101  0:000  PCI (00|00:15.00) : 8086 9DE8 class=0C8000
0:101  0:000  PCI (00|00:15.01) : 8086 9DE9 class=0C8000
0:101  0:000  PCI (00|00:15.02) : 8086 9DEA class=0C8000
0:101  0:000  PCI (00|00:16.00) : 8086 9DE0 class=078000
0:101  0:000  PCI (00|00:17.00) : 8086 9DD3 class=010601
0:101  0:000  PCI (00|00:1D.00) : 8086 9DB0 class=060400
0:101  0:000  PCI (00|01:00.00) : 10EC 522A class=FF0000
0:101  0:000  PCI (00|00:1D.02) : 8086 9DB2 class=060400
0:101  0:000  PCI (00|02:00.00) : 168C 0042 class=028000
0:101  0:000   - WIFI: Vendor=Atheros
0:101  0:000  PCI (00|00:1D.04) : 8086 9DB4 class=060400
0:101  0:000  PCI (00|03:00.00) : 1CC4 5008 class=010802
0:101  0:000  PCI (00|00:1F.00) : 8086 9D84 class=060100
0:101  0:000  PCI (00|00:1F.03) : 8086 9DC8 class=040380
0:101  0:000  PCI (00|00:1F.04) : 8086 9DA3 class=0C0500
0:101  0:000  PCI (00|00:1F.05) : 8086 9DA4 class=0C8000
0:101  0:000  === [ GetDefaultSettings ] ================================
0:101  0:000  Clover load options size = 42 bytes
0:101  0:000  Clover started with option to boot boot.efi from MacOS HD
0:102  0:000  CheckOEMPathExists tried EFI\CLOVER\OEM\LNVNB161216\UEFI. Dir not exists
0:102  0:000  CheckOEMPathExists tried EFI\CLOVER\OEM\81N8. Dir not exists
0:102  0:000  CheckOEMPathExists tried EFI\CLOVER\OEM\81N8-1980. Dir not exists
0:102  0:000  CheckOEMPathExists tried EFI\CLOVER\OEM\LNVNB161216. Dir not exists
0:102  0:000  CheckOEMPathExists tried EFI\CLOVER\OEM\LNVNB161216-1980. Dir not exists
0:102  0:000  set OEMPath by default: EFI\CLOVER
0:106  0:004  EFI\CLOVER\config.plist loaded: Success
0:106  0:000  === [ GetListOfThemes ] ===================================
0:107  0:000  - [00]: Outlines
0:108  0:001  === [ Found config plists ] ===============================
0:108  0:000  - config.plist
0:108  0:000  === [ GetEarlyUserSettings ] ==============================
0:108  0:000  timeout set to 5
0:108  0:000  Custom boot CUSTOM_BOOT_DISABLED (0x0)
0:108  0:000  ForceKextsToLoad: 1 requested
0:108  0:000   - [0]: System\Library\Extensions\IONetworkingFamily.kext
0:108  0:000  KextsToPatch: 4 requested
0:108  0:000   - [00]: com.apple.iokit.IOUSBHostFamily (plrp) :: BinPatch :: data len: 4
0:108  0:000   - patch disabled at config
0:108  0:000   - [01]: com.apple.driver.usb.AppleUSBXHCI (plrp 2) :: BinPatch :: data len: 4
0:108  0:000   - patch disabled at config
0:108  0:000   - [02]: com.apple.driver.AppleIntelLpssI2C (Prevent Apple I2C kexts from attaching to I2C controllers, credit CoolStar) :: PlistPatch :: data len: 5
0:108  0:000   - [03]: com.apple.driver.AppleIntelLpssI2CController (Prevent Apple I2C kexts from attaching to I2C controllers, credit CoolStar) :: PlistPatch :: data len: 5
0:108  0:000  KernelToPatch: 3 requested
0:108  0:000   - [00]: MSR 0xE2 _xcpm_idle instant reboot(c) Pike R. Alpha :: data len: 8
0:108  0:000   - [01]: Disable panic kext logging on 10.13 release kernel (credit vit9696) :: MatchOS: 10.13.x :: data len: 6
0:108  0:000   - [02]: Disable panic kext logging on 10.14 release kernel (credit vit9696) :: MatchOS: 10.14.x :: data len: 6
0:108  0:000  Default theme: Outlines
0:109  0:000  Hiding entries with string Preboot
0:109  0:000  Hiding entries with string Recovery
0:109  0:000  === [ LoadDrivers ] =======================================
0:110  0:001  Loading FSInject.efi  status=Success
0:113  0:003  Loading NvmExpressDxe.efi  status=Success
0:117  0:003   - driver needs connecting
0:117  0:000  Loading Fat.efi  status=Success
0:121  0:003   - driver needs connecting
0:121  0:000  Loading VirtualSmc.efi  status=Success
0:125  0:004  Loading DataHubDxe.efi  status=Success
0:128  0:003  Loading ApfsDriverLoader.efi  status=Success
0:132  0:004   - driver needs connecting
0:132  0:000  Loading AptioMemoryFix.efi  status=Success
0:137  0:004  3 drivers needs connecting ...
0:137  0:000  PlatformDriverOverrideProtocol->GetDriver overriden
0:137  0:000  APFS driver loaded
0:137  0:000  Searching for invalid DiskIo BY_DRIVER connects: not found, all ok
0:426  0:288  === [ InitScreen ] ========================================
0:426  0:000  Console modes reported: 6, available modes:
0:426  0:000   - [01]: 80x25
0:426  0:000   - [03]: 80x25
0:426  0:000   - [04]: 170x40 (current mode)
0:426  0:000   - [05]: 100x31
0:426  0:000   - [06]: 128x40
0:426  0:000  SetMaxResolution: found best mode 0: 1366x768
0:426  0:000   - already set
0:426  0:000  SetScreenResolution: 1366x768 - already set
0:426  0:000  reinit: self device path=PciRoot(0x0)\Pci(0x1D,0x4)\Pci(0x0,0x0)\NVMe(0x1,00-00-00-00-00-00-00-00)\HD(1,GPT,24517E0E-27F6-4E00-9B98-8C0C1BF3D6AC,0x28,0x64000)
0:426  0:000  === [ GetMacAddress ] =====================================
0:426  0:000  === [ ScanSPD ] ===========================================
0:427  0:000  Scanning SMBus [8086:9DA3], mmio: 0xA1527004, ioport: 0x3040, hostc: 0x11
0:445  0:018  Slot: 2 Type 26 4096MB 2666MHz Vendor=SK Hynix PartNo=HMA851S6JJR6N-VK SerialNo=020F050C0F030E0D
0:446  0:000  === [ GetAcpiTablesList ] =================================
0:446  0:000  Get Acpi Tables List from RSDT:
0:446  0:000   - [00]: FACP  CB-01    len=268
0:446  0:000   - [01]: UEFI  CB-01    len=566
0:446  0:000   - [02]: SSDT  CB-01    len=245
0:446  0:000   - [03]: SSDT  CB-01    len=6940
0:446  0:000   - [04]: SSDT  CB-01    len=12742
0:446  0:000   - [05]: UEFI  CB-01    len=66
0:446  0:000   - [06]: SSDT  CB-01    len=1114
0:446  0:000   - [07]: SSDT  CB-01    len=70
0:446  0:000   - [08]: TPM2  CB-01    len=52
0:446  0:000   - [09]: MSDM  CB-01    len=85
0:446  0:000   - [10]: SSDT  CB-01    len=29423
0:446  0:000   - [11]: LPIT  CB-01    len=148
0:446  0:000   - [12]: WSMT  CB-01    len=40
0:446  0:000   - [13]: SSDT  CB-01    len=3119
0:446  0:000   - [14]: DBGP  CB-01    len=52
0:446  0:000   - [15]: DBG2  CB-01    len=84
0:446  0:000   - [16]: SSDT  CB-01    len=2975
0:446  0:000   - [17]: ASF!  CB-01    len=165
0:446  0:000   - [18]: HPET  CB-01    len=56
0:446  0:000   - [19]: APIC  CB-01    len=300
0:446  0:000   - [20]: MCFG  CB-01    len=60
0:446  0:000   - [21]: DMAR  CB-01    len=168
0:446  0:000   - [22]: NHLT  CB-01    len=45
0:446  0:000   - [23]: FPDT  CB-01    len=68
0:446  0:000   - [24]: BGRT  CB-01    len=56
0:446  0:000  Calibrated TSC Frequency = 2304276880 = 2304MHz
0:446  0:000  === [ GetUserSettings ] ===================================
0:446  0:000  Add 2 devices:
0:446  0:000  Add 8 properties:
0:446  0:000   - [00]: NVidia Key: name, len: 9
0:446  0:000   - [01]: NVidia Key: IOName, len: 9
0:446  0:000   - [02]: NVidia Key: class-code, len: 4
0:446  0:000   - [03]: ATI Key: name, len: 9
0:446  0:000   - [04]: ATI Key: IOName, len: 9
0:446  0:000   - [05]: ATI Key: class-code, len: 4
0:446  0:000   - [06]: ATI Key: vendor-id, len: 4
0:446  0:000   - [07]: ATI Key: device-id, len: 4
0:446  0:000  USB FixOwnership: yes
0:446  0:000  Dropping 3 tables:
0:446  0:000   - [00]: Drop table  signature="#MCF" (46434D23)
0:446  0:000           - set table: 46434D23,                0 to drop: no
0:446  0:000   - [01]: Drop table  signature="DMAR" (52414D44)
0:446  0:000           - set table: 52414D44,                0 to drop: yes
0:446  0:000   - [02]: Drop table  signature="SSDT" (54445353) table-id="xh_rvp10" (30317076725F6878)
0:446  0:000           - set table: 54445353, 30317076725F6878 to drop: no
0:446  0:000   - final DSDT Fix mask=00000000
0:446  0:000  PatchesDSDT: 15 requested
0:446  0:000   - [00]: (Rename GPRW to XGPRW) lenToFind: 5, lenToReplace: 5, Target Bridge: <null string>
0:446  0:000   - [01]: (change Method(_Q11,0,N) to XQ11) lenToFind: 5, lenToReplace: 5, Target Bridge: <null string>
0:446  0:000   - [02]: (change Method(_Q12,0,N) to XQ12) lenToFind: 5, lenToReplace: 5, Target Bridge: <null string>
0:446  0:000   - [03]: (change OSID to XSID (to avoid match against _OSI XOSI patch)) lenToFind: 4, lenToReplace: 4, Target Bridge: <null string>
0:446  0:000    patch disabled at config
0:446  0:000   - [04]: (change _OSI to XOSI) lenToFind: 4, lenToReplace: 4, Target Bridge: <null string>
0:446  0:000   - [05]: (change _DSM to XDSM) lenToFind: 4, lenToReplace: 4, Target Bridge: <null string>
0:446  0:000    patch disabled at config
0:446  0:000   - [06]: (change EC0 to EC) lenToFind: 4, lenToReplace: 4, Target Bridge: <null string>
0:446  0:000   - [07]: (change H_EC to EC) lenToFind: 4, lenToReplace: 4, Target Bridge: <null string>
0:446  0:000    patch disabled at config
0:446  0:000   - [08]: (change ECDV to EC) lenToFind: 4, lenToReplace: 4, Target Bridge: <null string>
0:446  0:000    patch disabled at config
0:446  0:000   - [09]: (change HDAS to HDEF) lenToFind: 4, lenToReplace: 4, Target Bridge: <null string>
0:446  0:000    patch disabled at config
0:446  0:000   - [10]: (change HECI to IMEI) lenToFind: 4, lenToReplace: 4, Target Bridge: <null string>
0:446  0:000   - [11]: (change MEI to IMEI) lenToFind: 4, lenToReplace: 4, Target Bridge: <null string>
0:446  0:000    patch disabled at config
0:446  0:000   - [12]: (change GFX0 to IGPU) lenToFind: 4, lenToReplace: 4, Target Bridge: <null string>
0:446  0:000   - [13]: (change PCI0.VID to IGPU #1 (Thinkpad)) lenToFind: 8, lenToReplace: 8, Target Bridge: <null string>
0:446  0:000    patch disabled at config
0:446  0:000   - [14]: (change PCI0.VID to IGPU #2 (Thinkpad)) lenToFind: 14, lenToReplace: 14, Target Bridge: <null string>
0:446  0:000    patch disabled at config
0:446  0:000  Using ProductName from config: MacBookPro15,2
0:446  0:000  Using latest BiosVersion from config
0:446  0:000  BiosVersion: MBP152.88Z.F000.B00.2001052154
0:446  0:000  BiosReleaseDate: 01/05/2020
0:446  0:000  Using latest EfiVersion from config: 1037.80.41.0.0
0:446  0:000  Using FirmwareFeatures from config: 0xFC0FE137
0:446  0:000  Using FirmwareFeaturesMask from config: 0xFF1FFF3F
0:446  0:000  Board-ID set from config as Mac-827FB448E656EC26
0:446  0:000  BoardType: 0xA
0:446  0:000  ChassisType: 0x9
0:447  0:000  === [ Found DSDT tables ] =================================
1:036  0:589  === [ ScanVolumes ] =======================================
1:036  0:000  Found 8 volumes with blockIO
1:036  0:000  - [00]: Volume: PciRoot(0x0)\Pci(0x1D,0x4)\Pci(0x0,0x0)\NVMe(0x1,00-00-00-00-00-00-00-00)
1:037  0:000  - [01]: Volume: PciRoot(0x0)\Pci(0x1D,0x4)\Pci(0x0,0x0)\NVMe(0x1,00-00-00-00-00-00-00-00)\HD(1,GPT,24517E0E-27F6-4E00-9B98-8C0C1BF3D6AC,0x28,0x64000)
1:037  0:000          Result of bootcode detection: bootable unknown (legacy)
1:038  0:000          This is SelfVolume !!
1:038  0:000  - [02]: Volume: PciRoot(0x0)\Pci(0x1D,0x4)\Pci(0x0,0x0)\NVMe(0x1,00-00-00-00-00-00-00-00)\HD(2,GPT,B6858737-B537-4C37-8B97-BA4ACE98C6C1,0x64028,0xEE18260)
1:038  0:000          Result of bootcode detection: bootable unknown (legacy)
1:038  0:000  - [03]: Volume: PciRoot(0x0)\Pci(0x1D,0x4)\Pci(0x0,0x0)\NVMe(0x1,00-00-00-00-00-00-00-00)\HD(2,GPT,B6858737-B537-4C37-8B97-BA4ACE98C6C1,0x64028,0xEE18260)\VenMedia(BE74FCF7-0B7C-49F3-9147-01F4042E6842,816515B24C061B4D99A85EEE52910F36)
1:038  0:000          hiding this volume
1:038  0:000  - [04]: Volume: PciRoot(0x0)\Pci(0x1D,0x4)\Pci(0x0,0x0)\NVMe(0x1,00-00-00-00-00-00-00-00)\HD(2,GPT,B6858737-B537-4C37-8B97-BA4ACE98C6C1,0x64028,0xEE18260)\VenMedia(BE74FCF7-0B7C-49F3-9147-01F4042E6842,1CBED491574FA2449AD30B4E6C67C062)
1:038  0:000  - [05]: Volume: PciRoot(0x0)\Pci(0x1D,0x4)\Pci(0x0,0x0)\NVMe(0x1,00-00-00-00-00-00-00-00)\HD(2,GPT,B6858737-B537-4C37-8B97-BA4ACE98C6C1,0x64028,0xEE18260)\VenMedia(BE74FCF7-0B7C-49F3-9147-01F4042E6842,95ECA28295FFD649A0605549EC80D1CC)
1:038  0:000          hiding this volume
1:038  0:000  - [06]: Volume: PciRoot(0x0)\Pci(0x1D,0x4)\Pci(0x0,0x0)\NVMe(0x1,00-00-00-00-00-00-00-00)\HD(2,GPT,B6858737-B537-4C37-8B97-BA4ACE98C6C1,0x64028,0xEE18260)\VenMedia(BE74FCF7-0B7C-49F3-9147-01F4042E6842,62BBC31F14A3384FB01528ED840F96D7)
1:038  0:000  - [07]: Volume: PciRoot(0x0)\Pci(0x1D,0x4)\Pci(0x0,0x0)\NVMe(0x1,00-00-00-00-00-00-00-00)\HD(2,GPT,B6858737-B537-4C37-8B97-BA4ACE98C6C1,0x64028,0xEE18260)\VenMedia(BE74FCF7-0B7C-49F3-9147-01F4042E6842,5C762B9687A28F4D9CA024A99185E24B)
1:039  0:000  No AudioIoProtocols, status=Not Found
1:039  0:000  === [ InitTheme ] =========================================
1:039  0:000  use daylight theme
1:050  0:011  Using theme 'Outlines' (EFI\CLOVER\themes\Outlines)
1:050  0:000  OS main and drive as badge
1:051  0:001    Channels: 2  Sample rate: 22255 Hz  Bits: 16
1:054  0:002  Loading font from ThemeDir: Success
1:054  0:000  theme inited
1:054  0:000  Chosen theme Outlines
1:054  0:000  found boot-args in NVRAM:, size=1
1:054  0:000  after NVRAM boot-args=dart=0 -disablegfxfirmware -cdfon -igfxnohdmi
1:054  0:000  === [ Dump SMC keys from NVRAM ] ==========================
1:054  0:000  found AppleSMC protocol
1:061  0:006  === [ AddCustomEntries ] ==================================
1:061  0:000  Custom entry 0 Title:"Recovery" Path:"\com.apple.recovery.boot\boot.efi" Type:10 Flags:0x6 matching all volumes
1:061  0:000      Checking volume "EFI" (PciRoot(0x0)\Pci(0x1D,0x4)\Pci(0x0,0x0)\NVMe(0x1,00-00-00-00-00-00-00-00)\HD(1,GPT,24517E0E-27F6-4E00-9B98-8C0C1BF3D6AC,0x28,0x64000)) ... skipped because path does not exist
1:062  0:000      Checking volume "Preboot" (PciRoot(0x0)\Pci(0x1D,0x4)\Pci(0x0,0x0)\NVMe(0x1,00-00-00-00-00-00-00-00)\HD(2,GPT,B6858737-B537-4C37-8B97-BA4ACE98C6C1,0x64028,0xEE18260)\VenMedia(BE74FCF7-0B7C-49F3-9147-01F4042E6842,816515B24C061B4D99A85EEE52910F36)) ... skipped because volume is hidden
1:062  0:000      Checking volume "MacOS HD - Data" (PciRoot(0x0)\Pci(0x1D,0x4)\Pci(0x0,0x0)\NVMe(0x1,00-00-00-00-00-00-00-00)\HD(2,GPT,B6858737-B537-4C37-8B97-BA4ACE98C6C1,0x64028,0xEE18260)\VenMedia(BE74FCF7-0B7C-49F3-9147-01F4042E6842,1CBED491574FA2449AD30B4E6C67C062)) ... skipped because path does not exist
1:062  0:000      Checking volume "Recovery" (PciRoot(0x0)\Pci(0x1D,0x4)\Pci(0x0,0x0)\NVMe(0x1,00-00-00-00-00-00-00-00)\HD(2,GPT,B6858737-B537-4C37-8B97-BA4ACE98C6C1,0x64028,0xEE18260)\VenMedia(BE74FCF7-0B7C-49F3-9147-01F4042E6842,95ECA28295FFD649A0605549EC80D1CC)) ... skipped because volume is hidden
1:062  0:000      Checking volume "VM" (PciRoot(0x0)\Pci(0x1D,0x4)\Pci(0x0,0x0)\NVMe(0x1,00-00-00-00-00-00-00-00)\HD(2,GPT,B6858737-B537-4C37-8B97-BA4ACE98C6C1,0x64028,0xEE18260)\VenMedia(BE74FCF7-0B7C-49F3-9147-01F4042E6842,62BBC31F14A3384FB01528ED840F96D7)) ... skipped because path does not exist
1:062  0:000      Checking volume "MacOS HD" (PciRoot(0x0)\Pci(0x1D,0x4)\Pci(0x0,0x0)\NVMe(0x1,00-00-00-00-00-00-00-00)\HD(2,GPT,B6858737-B537-4C37-8B97-BA4ACE98C6C1,0x64028,0xEE18260)\VenMedia(BE74FCF7-0B7C-49F3-9147-01F4042E6842,5C762B9687A28F4D9CA024A99185E24B)) ... skipped because path does not exist
1:062  0:000  Custom entry 1 Title:"Windows" Path:"\EFI\Microsoft\Boot\bootmgfw.efi" Options:"-s -h" Type:7 Flags:0x0 matching all volumes
1:062  0:000      Checking volume "EFI" (PciRoot(0x0)\Pci(0x1D,0x4)\Pci(0x0,0x0)\NVMe(0x1,00-00-00-00-00-00-00-00)\HD(1,GPT,24517E0E-27F6-4E00-9B98-8C0C1BF3D6AC,0x28,0x64000)) ... match!
1:067  0:005  Custom settings: <null string>.plist will  be applied
1:068  0:000      Checking volume "Preboot" (PciRoot(0x0)\Pci(0x1D,0x4)\Pci(0x0,0x0)\NVMe(0x1,00-00-00-00-00-00-00-00)\HD(2,GPT,B6858737-B537-4C37-8B97-BA4ACE98C6C1,0x64028,0xEE18260)\VenMedia(BE74FCF7-0B7C-49F3-9147-01F4042E6842,816515B24C061B4D99A85EEE52910F36)) ... skipped because volume is hidden
1:068  0:000      Checking volume "MacOS HD - Data" (PciRoot(0x0)\Pci(0x1D,0x4)\Pci(0x0,0x0)\NVMe(0x1,00-00-00-00-00-00-00-00)\HD(2,GPT,B6858737-B537-4C37-8B97-BA4ACE98C6C1,0x64028,0xEE18260)\VenMedia(BE74FCF7-0B7C-49F3-9147-01F4042E6842,1CBED491574FA2449AD30B4E6C67C062)) ... skipped because path does not exist
1:068  0:000      Checking volume "Recovery" (PciRoot(0x0)\Pci(0x1D,0x4)\Pci(0x0,0x0)\NVMe(0x1,00-00-00-00-00-00-00-00)\HD(2,GPT,B6858737-B537-4C37-8B97-BA4ACE98C6C1,0x64028,0xEE18260)\VenMedia(BE74FCF7-0B7C-49F3-9147-01F4042E6842,95ECA28295FFD649A0605549EC80D1CC)) ... skipped because volume is hidden
1:068  0:000      Checking volume "VM" (PciRoot(0x0)\Pci(0x1D,0x4)\Pci(0x0,0x0)\NVMe(0x1,00-00-00-00-00-00-00-00)\HD(2,GPT,B6858737-B537-4C37-8B97-BA4ACE98C6C1,0x64028,0xEE18260)\VenMedia(BE74FCF7-0B7C-49F3-9147-01F4042E6842,62BBC31F14A3384FB01528ED840F96D7)) ... skipped because path does not exist
1:068  0:000      Checking volume "MacOS HD" (PciRoot(0x0)\Pci(0x1D,0x4)\Pci(0x0,0x0)\NVMe(0x1,00-00-00-00-00-00-00-00)\HD(2,GPT,B6858737-B537-4C37-8B97-BA4ACE98C6C1,0x64028,0xEE18260)\VenMedia(BE74FCF7-0B7C-49F3-9147-01F4042E6842,5C762B9687A28F4D9CA024A99185E24B)) ... skipped because path does not exist
1:068  0:000  === [ ScanLoader ] ========================================
1:068  0:000  - [01]: 'EFI'
1:069  0:001          AddLoaderEntry for Volume Name=EFI
1:069  0:000       skipped because path `PciRoot(0x0)\Pci(0x1D,0x4)\Pci(0x0,0x0)\NVMe(0x1,00-00-00-00-00-00-00-00)\HD(1,GPT,24517E0E-27F6-4E00-9B98-8C0C1BF3D6AC,0x28,0x64000)\EFI\microsoft\Boot\bootmgfw.efii` already exists for another entry!
1:070  0:000          AddLoaderEntry for Volume Name=EFI
1:070  0:000          skipped because entry is hidden
1:070  0:000  - [03]: 'Preboot', hidden
1:070  0:000  - [04]: 'MacOS HD - Data'
1:072  0:002  - [05]: 'Recovery', hidden
1:072  0:000  - [06]: 'VM'
1:072  0:000  - [07]: 'MacOS HD'
1:081  0:009          AddLoaderEntry for Volume Name=MacOS HD
1:085  0:004      hibernated: set as never
1:088  0:002  === [ AddCustomTool ] =====================================
1:091  0:002  === [ GetEfiBootDeviceFromNvram ] =========================
1:091  0:000   - efi-boot-device-data: PciRoot(0x0)\Pci(0x1D,0x4)\Pci(0x0,0x0)\NVMe(0x1,00-00-00-00-00-00-00-00)\HD(2,GPT,B6858737-B537-4C37-8B97-BA4ACE98C6C1,0x64028,0xEE18260)\VenMedia(BE74FCF7-0B7C-49F3-9147-01F4042E6842,5C762B9687A28F4D9CA024A99185E24B)
1:091  0:000    - Volume: 'PciRoot(0x0)\Pci(0x1D,0x4)\Pci(0x0,0x0)\NVMe(0x1,00-00-00-00-00-00-00-00)\HD(2,GPT,B6858737-B537-4C37-8B97-BA4ACE98C6C1,0x64028,0xEE18260)\VenMedia(BE74FCF7-0B7C-49F3-9147-01F4042E6842,5C762B9687A28F4D9CA024A99185E24B)'
1:091  0:000    - LoaderPath: '<null string>'
1:091  0:000    - Guid = B6858737-B537-4C37-8B97-BA4ACE98C6C1
1:091  0:000  === [ FindStartupDiskVolume ] =============================
1:091  0:000    - Volume: partition = PciRoot(0x0)\Pci(0x1D,0x4)\Pci(0x0,0x0)\NVMe(0x1,00-00-00-00-00-00-00-00)\HD(2,GPT,B6858737-B537-4C37-8B97-BA4ACE98C6C1,0x64028,0xEE18260)\VenMedia(BE74FCF7-0B7C-49F3-9147-01F4042E6842,5C762B9687A28F4D9CA024A99185E24B)
1:091  0:000     - searching for that partition
1:091  0:000      - found entry 1. 'Boot macOS from MacOS HD', Volume 'MacOS HD'
1:091  0:000  Boot redirected to Entry 1. 'Boot macOS from MacOS HD'
1:091  0:000  DefaultIndex=1 and MainMenu.EntryCount=6
1:091  0:000  Use anime=anime frames=60
1:130  0:038   found 60 frames of the anime
1:130  0:000   Anime seems OK, init it
1:201  0:071  GUI ready
5:441  4:240  exit from MainMenu 8
5:441  0:000  ReinitSelfLib after theme change
5:441  0:000  reinit: self device path=PciRoot(0x0)\Pci(0x1D,0x4)\Pci(0x0,0x0)\NVMe(0x1,00-00-00-00-00-00-00-00)\HD(1,GPT,24517E0E-27F6-4E00-9B98-8C0C1BF3D6AC,0x28,0x64000)
5:442  0:000  === [ ScanVolumes ] =======================================
5:442  0:000  Found 8 volumes with blockIO
5:442  0:000  - [00]: Volume: PciRoot(0x0)\Pci(0x1D,0x4)\Pci(0x0,0x0)\NVMe(0x1,00-00-00-00-00-00-00-00)
5:442  0:000  - [01]: Volume: PciRoot(0x0)\Pci(0x1D,0x4)\Pci(0x0,0x0)\NVMe(0x1,00-00-00-00-00-00-00-00)\HD(1,GPT,24517E0E-27F6-4E00-9B98-8C0C1BF3D6AC,0x28,0x64000)
5:442  0:000          Result of bootcode detection: bootable unknown (legacy)
5:443  0:000          This is SelfVolume !!
5:443  0:000  - [02]: Volume: PciRoot(0x0)\Pci(0x1D,0x4)\Pci(0x0,0x0)\NVMe(0x1,00-00-00-00-00-00-00-00)\HD(2,GPT,B6858737-B537-4C37-8B97-BA4ACE98C6C1,0x64028,0xEE18260)
5:443  0:000          Result of bootcode detection: bootable unknown (legacy)
5:443  0:000  - [03]: Volume: PciRoot(0x0)\Pci(0x1D,0x4)\Pci(0x0,0x0)\NVMe(0x1,00-00-00-00-00-00-00-00)\HD(2,GPT,B6858737-B537-4C37-8B97-BA4ACE98C6C1,0x64028,0xEE18260)\VenMedia(BE74FCF7-0B7C-49F3-9147-01F4042E6842,816515B24C061B4D99A85EEE52910F36)
5:443  0:000  - [04]: Volume: PciRoot(0x0)\Pci(0x1D,0x4)\Pci(0x0,0x0)\NVMe(0x1,00-00-00-00-00-00-00-00)\HD(2,GPT,B6858737-B537-4C37-8B97-BA4ACE98C6C1,0x64028,0xEE18260)\VenMedia(BE74FCF7-0B7C-49F3-9147-01F4042E6842,1CBED491574FA2449AD30B4E6C67C062)
5:443  0:000  - [05]: Volume: PciRoot(0x0)\Pci(0x1D,0x4)\Pci(0x0,0x0)\NVMe(0x1,00-00-00-00-00-00-00-00)\HD(2,GPT,B6858737-B537-4C37-8B97-BA4ACE98C6C1,0x64028,0xEE18260)\VenMedia(BE74FCF7-0B7C-49F3-9147-01F4042E6842,95ECA28295FFD649A0605549EC80D1CC)
5:443  0:000  - [06]: Volume: PciRoot(0x0)\Pci(0x1D,0x4)\Pci(0x0,0x0)\NVMe(0x1,00-00-00-00-00-00-00-00)\HD(2,GPT,B6858737-B537-4C37-8B97-BA4ACE98C6C1,0x64028,0xEE18260)\VenMedia(BE74FCF7-0B7C-49F3-9147-01F4042E6842,62BBC31F14A3384FB01528ED840F96D7)
5:443  0:000  - [07]: Volume: PciRoot(0x0)\Pci(0x1D,0x4)\Pci(0x0,0x0)\NVMe(0x1,00-00-00-00-00-00-00-00)\HD(2,GPT,B6858737-B537-4C37-8B97-BA4ACE98C6C1,0x64028,0xEE18260)\VenMedia(BE74FCF7-0B7C-49F3-9147-01F4042E6842,5C762B9687A28F4D9CA024A99185E24B)
5:444  0:000  No AudioIoProtocols, status=Not Found
5:444  0:000  theme inited
5:444  0:000  Chosen theme Outlines
5:444  0:000  found boot-args in NVRAM:, size=1
5:444  0:000  after NVRAM boot-args=dart=0 -disablegfxfirmware -cdfon -igfxnohdmi
5:444  0:000  === [ AddCustomEntries ] ==================================
5:444  0:000  Custom entry 0 Title:"Recovery" Path:"\com.apple.recovery.boot\boot.efi" Type:10 Flags:0x6 matching all volumes
5:444  0:000      Checking volume "EFI" (PciRoot(0x0)\Pci(0x1D,0x4)\Pci(0x0,0x0)\NVMe(0x1,00-00-00-00-00-00-00-00)\HD(1,GPT,24517E0E-27F6-4E00-9B98-8C0C1BF3D6AC,0x28,0x64000)) ... skipped because path does not exist
5:444  0:000      Checking volume "Preboot" (PciRoot(0x0)\Pci(0x1D,0x4)\Pci(0x0,0x0)\NVMe(0x1,00-00-00-00-00-00-00-00)\HD(2,GPT,B6858737-B537-4C37-8B97-BA4ACE98C6C1,0x64028,0xEE18260)\VenMedia(BE74FCF7-0B7C-49F3-9147-01F4042E6842,816515B24C061B4D99A85EEE52910F36)) ... skipped because path does not exist
5:444  0:000      Checking volume "MacOS HD - Data" (PciRoot(0x0)\Pci(0x1D,0x4)\Pci(0x0,0x0)\NVMe(0x1,00-00-00-00-00-00-00-00)\HD(2,GPT,B6858737-B537-4C37-8B97-BA4ACE98C6C1,0x64028,0xEE18260)\VenMedia(BE74FCF7-0B7C-49F3-9147-01F4042E6842,1CBED491574FA2449AD30B4E6C67C062)) ... skipped because path does not exist
5:444  0:000      Checking volume "Recovery" (PciRoot(0x0)\Pci(0x1D,0x4)\Pci(0x0,0x0)\NVMe(0x1,00-00-00-00-00-00-00-00)\HD(2,GPT,B6858737-B537-4C37-8B97-BA4ACE98C6C1,0x64028,0xEE18260)\VenMedia(BE74FCF7-0B7C-49F3-9147-01F4042E6842,95ECA28295FFD649A0605549EC80D1CC)) ... skipped because path does not exist
5:444  0:000      Checking volume "VM" (PciRoot(0x0)\Pci(0x1D,0x4)\Pci(0x0,0x0)\NVMe(0x1,00-00-00-00-00-00-00-00)\HD(2,GPT,B6858737-B537-4C37-8B97-BA4ACE98C6C1,0x64028,0xEE18260)\VenMedia(BE74FCF7-0B7C-49F3-9147-01F4042E6842,62BBC31F14A3384FB01528ED840F96D7)) ... skipped because path does not exist
5:444  0:000      Checking volume "MacOS HD" (PciRoot(0x0)\Pci(0x1D,0x4)\Pci(0x0,0x0)\NVMe(0x1,00-00-00-00-00-00-00-00)\HD(2,GPT,B6858737-B537-4C37-8B97-BA4ACE98C6C1,0x64028,0xEE18260)\VenMedia(BE74FCF7-0B7C-49F3-9147-01F4042E6842,5C762B9687A28F4D9CA024A99185E24B)) ... skipped because path does not exist
5:444  0:000  Custom entry 1 Title:"Windows" Path:"\EFI\Microsoft\Boot\bootmgfw.efi" Options:"-s -h" Type:7 Flags:0x0 matching all volumes
5:444  0:000      Checking volume "EFI" (PciRoot(0x0)\Pci(0x1D,0x4)\Pci(0x0,0x0)\NVMe(0x1,00-00-00-00-00-00-00-00)\HD(1,GPT,24517E0E-27F6-4E00-9B98-8C0C1BF3D6AC,0x28,0x64000)) ... match!
5:446  0:001  Custom settings: <null string>.plist will  be applied
5:446  0:000      Checking volume "Preboot" (PciRoot(0x0)\Pci(0x1D,0x4)\Pci(0x0,0x0)\NVMe(0x1,00-00-00-00-00-00-00-00)\HD(2,GPT,B6858737-B537-4C37-8B97-BA4ACE98C6C1,0x64028,0xEE18260)\VenMedia(BE74FCF7-0B7C-49F3-9147-01F4042E6842,816515B24C061B4D99A85EEE52910F36)) ... skipped because path does not exist
5:446  0:000      Checking volume "MacOS HD - Data" (PciRoot(0x0)\Pci(0x1D,0x4)\Pci(0x0,0x0)\NVMe(0x1,00-00-00-00-00-00-00-00)\HD(2,GPT,B6858737-B537-4C37-8B97-BA4ACE98C6C1,0x64028,0xEE18260)\VenMedia(BE74FCF7-0B7C-49F3-9147-01F4042E6842,1CBED491574FA2449AD30B4E6C67C062)) ... skipped because path does not exist
5:446  0:000      Checking volume "Recovery" (PciRoot(0x0)\Pci(0x1D,0x4)\Pci(0x0,0x0)\NVMe(0x1,00-00-00-00-00-00-00-00)\HD(2,GPT,B6858737-B537-4C37-8B97-BA4ACE98C6C1,0x64028,0xEE18260)\VenMedia(BE74FCF7-0B7C-49F3-9147-01F4042E6842,95ECA28295FFD649A0605549EC80D1CC)) ... skipped because path does not exist
5:446  0:000      Checking volume "VM" (PciRoot(0x0)\Pci(0x1D,0x4)\Pci(0x0,0x0)\NVMe(0x1,00-00-00-00-00-00-00-00)\HD(2,GPT,B6858737-B537-4C37-8B97-BA4ACE98C6C1,0x64028,0xEE18260)\VenMedia(BE74FCF7-0B7C-49F3-9147-01F4042E6842,62BBC31F14A3384FB01528ED840F96D7)) ... skipped because path does not exist
5:446  0:000      Checking volume "MacOS HD" (PciRoot(0x0)\Pci(0x1D,0x4)\Pci(0x0,0x0)\NVMe(0x1,00-00-00-00-00-00-00-00)\HD(2,GPT,B6858737-B537-4C37-8B97-BA4ACE98C6C1,0x64028,0xEE18260)\VenMedia(BE74FCF7-0B7C-49F3-9147-01F4042E6842,5C762B9687A28F4D9CA024A99185E24B)) ... skipped because path does not exist
5:446  0:000  === [ ScanLoader ] ========================================
5:446  0:000  - [01]: 'EFI'
5:447  0:001          AddLoaderEntry for Volume Name=EFI
5:447  0:000       skipped because path `PciRoot(0x0)\Pci(0x1D,0x4)\Pci(0x0,0x0)\NVMe(0x1,00-00-00-00-00-00-00-00)\HD(1,GPT,24517E0E-27F6-4E00-9B98-8C0C1BF3D6AC,0x28,0x64000)\EFI\microsoft\Boot\bootmgfw.efii` already exists for another entry!
5:448  0:000          AddLoaderEntry for Volume Name=EFI
5:450  0:001  - [03]: 'Preboot'
5:451  0:001          AddLoaderEntry for Volume Name=Preboot
5:453  0:001      hibernated: set as never
5:455  0:002  - [04]: 'MacOS HD - Data'
5:455  0:000  - [05]: 'Recovery'
5:456  0:000          AddLoaderEntry for Volume Name=Recovery
5:460  0:003  - [06]: 'VM'
5:460  0:000  - [07]: 'MacOS HD'
5:461  0:001          AddLoaderEntry for Volume Name=MacOS HD
5:462  0:000      hibernated: set as never
5:464  0:002  === [ AddCustomTool ] =====================================
5:464  0:000  === [ GetEfiBootDeviceFromNvram ] =========================
5:464  0:000  === [ FindStartupDiskVolume ] =============================
5:464  0:000    - Volume: partition = PciRoot(0x0)\Pci(0x1D,0x4)\Pci(0x0,0x0)\NVMe(0x1,00-00-00-00-00-00-00-00)\HD(2,GPT,B6858737-B537-4C37-8B97-BA4ACE98C6C1,0x64028,0xEE18260)\VenMedia(BE74FCF7-0B7C-49F3-9147-01F4042E6842,5C762B9687A28F4D9CA024A99185E24B)
5:464  0:000     - searching for that partition
5:464  0:000      - found entry 4. 'Boot macOS from MacOS HD', Volume 'MacOS HD'
5:464  0:000  Boot redirected to Entry 4. 'Boot macOS from MacOS HD'
5:464  0:000  DefaultIndex=4 and MainMenu.EntryCount=9
5:464  0:000  Use anime=anime frames=60
5:464  0:000   Anime seems OK, init it
16:611  11:146  exit from MainMenu 1
22:578  5:967   found 60 frames of the anime
22:578  0:000   Anime seems OK, init it
26:067  3:489  exit from MainMenu 1
26:067  0:000  Boot option Boot0000 not found
26:067  0:000  === [ StartLoader ] =======================================
26:067  0:000  Finally: ExternalClock=26MHz BusSpeed=100186kHz CPUFreq=2304MHz PIS: hw.busfrequency=104000000Hz
26:069  0:001  Loading boot.efi  status=Success
26:116  0:047  GetOSVersion: 10.15.3 (19D76)
26:116  0:000  CSR_CFG: CSR_ALLOW_UNTRUSTED_KEXTS | CSR_ALLOW_UNRESTRICTED_FS | CSR_ALLOW_TASK_FOR_PID | CSR_ALLOW_UNRESTRICTED_DTRACE | CSR_ALLOW_UNRESTRICTED_NVRAM
26:116  0:000  Filtering KextPatches:
26:116  0:000   - [00]: com.apple.iokit.IOUSBHostFamily (plrp) :: BinPatch :: [OS: 10.15.3 | MatchOS: All | MatchBuild: All] ==> disabled by user
26:116  0:000   - [01]: com.apple.driver.usb.AppleUSBXHCI (plrp 2) :: BinPatch :: [OS: 10.15.3 | MatchOS: All | MatchBuild: All] ==> disabled by user
26:116  0:000   - [02]: com.apple.driver.AppleIntelLpssI2C (Prevent Apple I2C kexts from attaching to I2C controllers, credit CoolStar) :: PlistPatch :: [OS: 10.15.3 | MatchOS: All | MatchBuild: All] ==> allowed
26:116  0:000   - [03]: com.apple.driver.AppleIntelLpssI2CController (Prevent Apple I2C kexts from attaching to I2C controllers, credit CoolStar) :: PlistPatch :: [OS: 10.15.3 | MatchOS: All | MatchBuild: All] ==> allowed
26:116  0:000  Filtering KernelPatches:
26:116  0:000   - [00]: MSR 0xE2 _xcpm_idle instant reboot(c) Pike R. Alpha :: [OS: 10.15.3 | MatchOS: All | MatchBuild: no] ==> allowed by OS
26:116  0:000   - [01]: Disable panic kext logging on 10.13 release kernel (credit vit9696) :: [OS: 10.15.3 | MatchOS: 10.13.x | MatchBuild: no] ==> not allowed by OS
26:116  0:000   - [02]: Disable panic kext logging on 10.14 release kernel (credit vit9696) :: [OS: 10.15.3 | MatchOS: 10.14.x | MatchBuild: no] ==> not allowed by OS
26:116  0:000  Will not patch boot.efi
26:116  0:000  === [ PatchSmbios ] =======================================
26:116  0:000  insert table 9 for dev 0:0
26:116  0:000  Table 11 present, but rewritten for us
26:117  0:000  Trusting SMBIOS...
26:117  0:000  Channels: 1
26:117  0:000  Interleave: 0 1 2 3 4 5 6 7 8 9 10 11 12 13 14 15 16 17 18 19 20 21 22 23
26:117  0:000   partNum=M471A5244CB0-CTD    
26:117  0:000  SMBIOS Type 17 Index = 0 => 0 0:
26:117  0:000  BANK 0 DIMM0 2400MHz 4096MB(Ext:0MB)
26:117  0:000   partNum=HMA851S6JJR6N-VK    
26:117  0:000  SMBIOS Type 17 Index = 1 => 1 1:
26:117  0:000  BANK 0 DIMM1 2400MHz 4096MB(Ext:0MB)
26:117  0:000  mTotalSystemMemory = 8192
26:117  0:000  NumberOfMemoryDevices = 2
26:117  0:000  Table 131 is present, CPUType=31
26:117  0:000  Change to: 905
26:117  0:000  Table 133 is present, PlatformFeature=4F484B01
26:117  0:000  Change to: 2
26:117  0:000  === [ PatchACPI ] =========================================
26:117  0:000  Xsdt reallocation done
26:117  0:000  old FADT length=10C
26:117  0:000   SignatureFixup: 0x7C57A735 -> 0x0
26:117  0:000  Apply DsdtFixMask=0x00000000
26:117  0:000     drop _DSM mask=0x0000
26:117  0:000  === [ FixBiosDsdt ] =======================================
26:118  0:000  Patching DSDT:
26:118  0:000   - [Rename GPRW to XGPRW]: pattern 47505257, patched at: [ (17118) ]
26:119  0:000   - [change Method(_Q11,0,N) to XQ11]: pattern 5F513131, patched at: [ (3B581) ]
26:120  0:000   - [change Method(_Q12,0,N) to XQ12]: pattern 5F513132, patched at: [ (3B5C6) ]
26:120  0:000   - [change OSID to XSID (to avoid match against _OSI XOSI patch)]: disabled
26:120  0:000   - [change _OSI to XOSI]: pattern 5F4F5349, patched at: [ (166C0) (3) (18) (1C) (1C) (1A) (18) (18) (18) (18) (18) (18) (18) (1A) (1108) (2528D) ]
26:121  0:000   - [change _DSM to XDSM]: disabled
26:121  0:000   - [change EC0 to EC]: pattern 4543305F, patched at: [ (160D) (53F8) (10) (E9A5) (FE) (15) (33) (1B) (1B) (2C) (1A0) (29) (15) (670) (78) (1B) (24) (34) (30) (13E5B) (25) (105CE) (1C0) (C3F) (10) (1452) (121) (C7) (10) (10) (10) (17) (E) (10) (F) (10) (15) (18) (B) (163) (11) (D) (11) (B) (B) (18) (15) (13) (28) (31) (C9) (30) (1C) (A) (16) (1CFE) ]
26:122  0:000   - [change H_EC to EC]: disabled
26:122  0:000   - [change ECDV to EC]: disabled
26:122  0:000   - [change HDAS to HDEF]: disabled
26:122  0:000   - [change HECI to IMEI]: pattern 48454349, patched at: [ (1281B) (13BA8) (1F63) ]
26:123  0:000   - [change MEI to IMEI]: disabled
26:123  0:000   - [change GFX0 to IGPU]: pattern 47465830, patched at: [ (52) (E) (12) (12) (12) (70) (12) (12) (12) (E73) (46) (12) (4DB) (42) (2A90) (1179D) (32) (732) (30) (1B99) (1B16) (14) (CBB2) (1B39) (12A99) (D) (10) (C) (F) (80) (D) (10) (D2F) (47) (74) (F) (8) (2B62) ]
26:124  0:000   - [change PCI0.VID to IGPU #1 (Thinkpad)]: disabled
26:124  0:000   - [change PCI0.VID to IGPU #2 (Thinkpad)]: disabled
26:124  0:000    0 replacements
26:126  0:002  PreCleanup XSDT: count=25, length=236
26:126  0:000  PreCleanup XSDT, corrected XSDT: count=25, length=236
26:126  0:000  === [ ACPIPatchedAML ] ====================================
26:126  0:000  AutoMerge pass 1
26:126  0:000  Unsorted
26:126  0:000  Inserting SSDT-GPI0.aml from EFI\CLOVER\ACPI\patched: ignore on pass 1
26:126  0:000  Inserting SSDT-I2C0-SPED.aml from EFI\CLOVER\ACPI\patched: ignore on pass 1
26:126  0:000  Inserting SSDT-PNLFCFL.aml from EFI\CLOVER\ACPI\patched: ignore on pass 1
26:126  0:000  Inserting SSDT-Q1112.aml from EFI\CLOVER\ACPI\patched: ignore on pass 1
26:126  0:000  Inserting SSDT-XOSI.aml from EFI\CLOVER\ACPI\patched: ignore on pass 1
26:126  0:000  Inserting SSDT-GPRW.aml from EFI\CLOVER\ACPI\patched: ignore on pass 1
26:126  0:000  Inserting SSDT-HACK.aml from EFI\CLOVER\ACPI\patched: ignore on pass 1
26:126  0:000  Inserting SSDT-RMNE.aml from EFI\CLOVER\ACPI\patched: ignore on pass 1
26:126  0:000  === [ ACPIDropTables ] ====================================
26:126  0:000  Drop tables from XSDT, SIGN=DMAR TableID=CB-01    Length=168
26:126  0:000   Table[21]: DMAR  CB-01     168 dropped
26:126  0:000  Patching SSDT CB-01    Length=245
26:126  0:000  0. [Rename GPRW to XGPRW]: pattern 47505257, bin not found / already patched!
26:126  0:000  1. [change Method(_Q11,0,N) to XQ11]: pattern 5F513131, bin not found / already patched!
26:126  0:000  2. [change Method(_Q12,0,N) to XQ12]: pattern 5F513132, bin not found / already patched!
26:126  0:000  3. [change OSID to XSID (to avoid match against _OSI XOSI patch)]: disabled
26:126  0:000  4. [change _OSI to XOSI]: pattern 5F4F5349, bin not found / already patched!
26:126  0:000  5. [change _DSM to XDSM]: disabled
26:126  0:000  6. [change EC0 to EC]: pattern 4543305F, bin not found / already patched!
26:126  0:000  7. [change H_EC to EC]: disabled
26:126  0:000  8. [change ECDV to EC]: disabled
26:126  0:000  9. [change HDAS to HDEF]: disabled
26:126  0:000  10. [change HECI to IMEI]: pattern 48454349, bin not found / already patched!
26:126  0:000  11. [change MEI to IMEI]: disabled
26:126  0:000  12. [change GFX0 to IGPU]: pattern 47465830, bin not found / already patched!
26:126  0:000  13. [change PCI0.VID to IGPU #1 (Thinkpad)]: disabled
26:126  0:000  14. [change PCI0.VID to IGPU #2 (Thinkpad)]: disabled
26:126  0:000    0 replacements
26:126  0:000  Found OperationRegion(COMP, SystemMemory, 7FC8D018, ...)
26:126  0:000  Patching SSDT CB-01    Length=6940
26:126  0:000  0. [Rename GPRW to XGPRW]: pattern 47505257, bin not found / already patched!
26:126  0:000  1. [change Method(_Q11,0,N) to XQ11]: pattern 5F513131, bin not found / already patched!
26:126  0:000  2. [change Method(_Q12,0,N) to XQ12]: pattern 5F513132, bin not found / already patched!
26:126  0:000  3. [change OSID to XSID (to avoid match against _OSI XOSI patch)]: disabled
26:126  0:000  4. [change _OSI to XOSI]: pattern 5F4F5349, bin not found / already patched!
26:126  0:000  5. [change _DSM to XDSM]: disabled
26:126  0:000  6. [change EC0 to EC]: pattern 4543305F, bin not found / already patched!
26:126  0:000  7. [change H_EC to EC]: disabled
26:126  0:000  8. [change ECDV to EC]: disabled
26:126  0:000  9. [change HDAS to HDEF]: disabled
26:126  0:000  10. [change HECI to IMEI]: pattern 48454349, bin not found / already patched!
26:126  0:000  11. [change MEI to IMEI]: disabled
26:126  0:000  12. [change GFX0 to IGPU]: pattern 47465830, bin not found / already patched!
26:126  0:000  13. [change PCI0.VID to IGPU #1 (Thinkpad)]: disabled
26:126  0:000  14. [change PCI0.VID to IGPU #2 (Thinkpad)]: disabled
26:126  0:000    0 replacements
26:126  0:000  Found OperationRegion(PNVS, SystemMemory, 7FF12000, ...)
26:126  0:000  Patching SSDT CB-01    Length=12742
26:126  0:000  0. [Rename GPRW to XGPRW]: pattern 47505257, bin not found / already patched!
26:126  0:000  1. [change Method(_Q11,0,N) to XQ11]: pattern 5F513131, bin not found / already patched!
26:127  0:000  2. [change Method(_Q12,0,N) to XQ12]: pattern 5F513132, bin not found / already patched!
26:127  0:000  3. [change OSID to XSID (to avoid match against _OSI XOSI patch)]: disabled
26:127  0:000  4. [change _OSI to XOSI]: pattern 5F4F5349, bin not found / already patched!
26:127  0:000  5. [change _DSM to XDSM]: disabled
26:127  0:000  6. [change EC0 to EC]: pattern 4543305F, bin not found / already patched!
26:127  0:000  7. [change H_EC to EC]: disabled
26:127  0:000  8. [change ECDV to EC]: disabled
26:127  0:000  9. [change HDAS to HDEF]: disabled
26:127  0:000  10. [change HECI to IMEI]: pattern 48454349, bin not found / already patched!
26:127  0:000  11. [change MEI to IMEI]: disabled
26:127  0:000  12. [change GFX0 to IGPU]: pattern 47465830, patched at: [ (2D) (3A) (46) (2C1) (1C9A) (A3A) (1D) (6AF) ]
26:127  0:000  13. [change PCI0.VID to IGPU #1 (Thinkpad)]: disabled
26:127  0:000  14. [change PCI0.VID to IGPU #2 (Thinkpad)]: disabled
26:127  0:000    0 replacements
26:127  0:000  Found OperationRegion(SANV, SystemMemory, 7FC8DD18, ...)
26:127  0:000  Patching SSDT CB-01    Length=1114
26:127  0:000  0. [Rename GPRW to XGPRW]: pattern 47505257, bin not found / already patched!
26:127  0:000  1. [change Method(_Q11,0,N) to XQ11]: pattern 5F513131, bin not found / already patched!
26:127  0:000  2. [change Method(_Q12,0,N) to XQ12]: pattern 5F513132, bin not found / already patched!
26:127  0:000  3. [change OSID to XSID (to avoid match against _OSI XOSI patch)]: disabled
26:127  0:000  4. [change _OSI to XOSI]: pattern 5F4F5349, bin not found / already patched!
26:127  0:000  5. [change _DSM to XDSM]: disabled
26:127  0:000  6. [change EC0 to EC]: pattern 4543305F, bin not found / already patched!
26:127  0:000  7. [change H_EC to EC]: disabled
26:127  0:000  8. [change ECDV to EC]: disabled
26:127  0:000  9. [change HDAS to HDEF]: disabled
26:127  0:000  10. [change HECI to IMEI]: pattern 48454349, bin not found / already patched!
26:127  0:000  11. [change MEI to IMEI]: disabled
26:127  0:000  12. [change GFX0 to IGPU]: pattern 47465830, bin not found / already patched!
26:127  0:000  13. [change PCI0.VID to IGPU #1 (Thinkpad)]: disabled
26:127  0:000  14. [change PCI0.VID to IGPU #2 (Thinkpad)]: disabled
26:127  0:000    0 replacements
26:127  0:000  Found OperationRegion(FHCI, SystemMemory, FED40000, ...)
26:127  0:000  Found OperationRegion(TNVS, SystemMemory, 7FC64000, ...)
26:127  0:000  Patching SSDT CB-01    Length=70
26:127  0:000  0. [Rename GPRW to XGPRW]: pattern 47505257, bin not found / already patched!
26:127  0:000  1. [change Method(_Q11,0,N) to XQ11]: pattern 5F513131, bin not found / already patched!
26:127  0:000  2. [change Method(_Q12,0,N) to XQ12]: pattern 5F513132, bin not found / already patched!
26:127  0:000  3. [change OSID to XSID (to avoid match against _OSI XOSI patch)]: disabled
26:127  0:000  4. [change _OSI to XOSI]: pattern 5F4F5349, bin not found / already patched!
26:127  0:000  5. [change _DSM to XDSM]: disabled
26:127  0:000  6. [change EC0 to EC]: pattern 4543305F, bin not found / already patched!
26:127  0:000  7. [change H_EC to EC]: disabled
26:127  0:000  8. [change ECDV to EC]: disabled
26:127  0:000  9. [change HDAS to HDEF]: disabled
26:127  0:000  10. [change HECI to IMEI]: pattern 48454349, bin not found / already patched!
26:127  0:000  11. [change MEI to IMEI]: disabled
26:127  0:000  12. [change GFX0 to IGPU]: pattern 47465830, bin not found / already patched!
26:127  0:000  13. [change PCI0.VID to IGPU #1 (Thinkpad)]: disabled
26:127  0:000  14. [change PCI0.VID to IGPU #2 (Thinkpad)]: disabled
26:127  0:000    0 replacements
26:127  0:000  Found OperationRegion(MENV, SystemMemory, 7FC8DF98, ...)
26:127  0:000  Patching SSDT CB-01    Length=29423
26:127  0:000  0. [Rename GPRW to XGPRW]: pattern 47505257, bin not found / already patched!
26:127  0:000  1. [change Method(_Q11,0,N) to XQ11]: pattern 5F513131, bin not found / already patched!
26:127  0:000  2. [change Method(_Q12,0,N) to XQ12]: pattern 5F513132, bin not found / already patched!
26:127  0:000  3. [change OSID to XSID (to avoid match against _OSI XOSI patch)]: disabled
26:127  0:000  4. [change _OSI to XOSI]: pattern 5F4F5349, bin not found / already patched!
26:127  0:000  5. [change _DSM to XDSM]: disabled
26:127  0:000  6. [change EC0 to EC]: pattern 4543305F, patched at: [ (4D9) (28) (16) (16) (16) (2D1C) (B2) (32) (106) (B2) (32) (106) (AE) (32) (135) (40) (40) ]
26:128  0:000  7. [change H_EC to EC]: disabled
26:128  0:000  8. [change ECDV to EC]: disabled
26:128  0:000  9. [change HDAS to HDEF]: disabled
26:128  0:000  10. [change HECI to IMEI]: pattern 48454349, bin not found / already patched!
26:128  0:000  11. [change MEI to IMEI]: disabled
26:128  0:000  12. [change GFX0 to IGPU]: pattern 47465830, bin not found / already patched!
26:128  0:000  13. [change PCI0.VID to IGPU #1 (Thinkpad)]: disabled
26:128  0:000  14. [change PCI0.VID to IGPU #2 (Thinkpad)]: disabled
26:128  0:000    0 replacements
26:128  0:000  Patching SSDT CB-01    Length=3119
26:128  0:000  0. [Rename GPRW to XGPRW]: pattern 47505257, bin not found / already patched!
26:128  0:000  1. [change Method(_Q11,0,N) to XQ11]: pattern 5F513131, bin not found / already patched!
26:128  0:000  2. [change Method(_Q12,0,N) to XQ12]: pattern 5F513132, bin not found / already patched!
26:128  0:000  3. [change OSID to XSID (to avoid match against _OSI XOSI patch)]: disabled
26:128  0:000  4. [change _OSI to XOSI]: pattern 5F4F5349, bin not found / already patched!
26:128  0:000  5. [change _DSM to XDSM]: disabled
26:128  0:000  6. [change EC0 to EC]: pattern 4543305F, bin not found / already patched!
26:128  0:000  7. [change H_EC to EC]: disabled
26:128  0:000  8. [change ECDV to EC]: disabled
26:128  0:000  9. [change HDAS to HDEF]: disabled
26:128  0:000  10. [change HECI to IMEI]: pattern 48454349, bin not found / already patched!
26:128  0:000  11. [change MEI to IMEI]: disabled
26:128  0:000  12. [change GFX0 to IGPU]: pattern 47465830, bin not found / already patched!
26:128  0:000  13. [change PCI0.VID to IGPU #1 (Thinkpad)]: disabled
26:128  0:000  14. [change PCI0.VID to IGPU #2 (Thinkpad)]: disabled
26:128  0:000    0 replacements
26:128  0:000  Patching SSDT CB-01    Length=2975
26:128  0:000  0. [Rename GPRW to XGPRW]: pattern 47505257, bin not found / already patched!
26:128  0:000  1. [change Method(_Q11,0,N) to XQ11]: pattern 5F513131, bin not found / already patched!
26:128  0:000  2. [change Method(_Q12,0,N) to XQ12]: pattern 5F513132, bin not found / already patched!
26:128  0:000  3. [change OSID to XSID (to avoid match against _OSI XOSI patch)]: disabled
26:128  0:000  4. [change _OSI to XOSI]: pattern 5F4F5349, bin not found / already patched!
26:128  0:000  5. [change _DSM to XDSM]: disabled
26:128  0:000  6. [change EC0 to EC]: pattern 4543305F, bin not found / already patched!
26:128  0:000  7. [change H_EC to EC]: disabled
26:128  0:000  8. [change ECDV to EC]: disabled
26:128  0:000  9. [change HDAS to HDEF]: disabled
26:128  0:000  10. [change HECI to IMEI]: pattern 48454349, bin not found / already patched!
26:128  0:000  11. [change MEI to IMEI]: disabled
26:128  0:000  12. [change GFX0 to IGPU]: pattern 47465830, bin not found / already patched!
26:128  0:000  13. [change PCI0.VID to IGPU #1 (Thinkpad)]: disabled
26:128  0:000  14. [change PCI0.VID to IGPU #2 (Thinkpad)]: disabled
26:128  0:000    0 replacements
26:128  0:000  === [ ACPIPatchedAML ] ====================================
26:128  0:000  AutoMerge pass 2
26:128  0:000  Unsorted
26:128  0:000  Inserting SSDT-GPI0.aml from EFI\CLOVER\ACPI\patched: size=83 ... Success
26:129  0:000  Inserting SSDT-I2C0-SPED.aml from EFI\CLOVER\ACPI\patched: size=226 ... Success
26:129  0:000  Inserting SSDT-PNLFCFL.aml from EFI\CLOVER\ACPI\patched: size=104 ... Success
26:129  0:000  Inserting SSDT-Q1112.aml from EFI\CLOVER\ACPI\patched: size=147 ... Success
26:130  0:000  Inserting SSDT-XOSI.aml from EFI\CLOVER\ACPI\patched: size=82 ... Success
26:130  0:000  Inserting SSDT-GPRW.aml from EFI\CLOVER\ACPI\patched: size=88 ... Success
26:130  0:000  Inserting SSDT-HACK.aml from EFI\CLOVER\ACPI\patched: size=921 ... Success
26:131  0:000  Inserting SSDT-RMNE.aml from EFI\CLOVER\ACPI\patched: size=208 ... Success
26:131  0:000  ApicCPUNum=4
26:131  0:000  Maximum control=0x17
26:131  0:000  Turbo control=0x27
26:131  0:000  P-States: min 0x4, max 0x27
26:131  0:000  SSDT with plugin-type without P-States is generated
26:131  0:000  Cleanup XSDT: count=34, length=308
26:131  0:000  corrected XSDT count=33, length=300
26:131  0:000  === [ RestSetup macOS ] ===================================
26:131  0:000  EdidDiscovered size=128
26:131  0:000  --- Discovered EDID Table size:128
26:131  0:000  000  |  00  FF  FF  FF  FF  FF  FF  00  09  E5
26:131  0:000  010  |  57  07  00  00  00  00  01  1B  01  04
26:131  0:000  020  |  95  22  13  78  02  F1  00  94  5C  58
26:131  0:000  030  |  92  29  21  50  54  00  00  00  01  01
26:131  0:000  040  |  01  01  01  01  01  01  01  01  01  01
26:131  0:000  050  |  01  01  01  01  CE  1D  56  E2  50  00
26:131  0:000  060  |  1E  30  30  20  36  00  58  C2  10  00
26:131  0:000  070  |  00  1A  00  00  00  00  00  00  00  00
26:131  0:000  080  |  00  00  00  00  00  00  00  00  00  1A
26:131  0:000  090  |  00  00  00  FE  00  42  4F  45  20  43
26:131  0:000  100  |  51  0A  20  20  20  20  20  20  00  00
26:131  0:000  110  |  00  FE  00  4E  54  31  35  36  57  48
26:131  0:000  120  |  4D  2D  4E  34  34  0A  00  80
26:131  0:000  add device: PciRoot(0x0)/Pci(0x2,0x0)
26:131  0:000     Add key=model valuelen=32
26:131  0:000     Add key=framebuffer-unifiedmem valuelen=4
26:131  0:000     Add key=framebuffer-patch-enable valuelen=4
26:131  0:000     Add key=framebuffer-con2-type valuelen=4
26:131  0:000     Add key=framebuffer-con2-pipe valuelen=4
26:131  0:000     Add key=framebuffer-con2-enable valuelen=4
26:131  0:000     Add key=framebuffer-con2-busid valuelen=4
26:131  0:000     Add key=framebuffer-con1-type valuelen=4
26:131  0:000     Add key=framebuffer-con1-pipe valuelen=4
26:131  0:000     Add key=framebuffer-con1-has-lspcon valuelen=4
26:131  0:000     Add key=framebuffer-con1-enable valuelen=4
26:131  0:000     Add key=framebuffer-con1-busid valuelen=4
26:131  0:000     Add key=framebuffer-con0-pipe valuelen=4
26:131  0:000     Add key=framebuffer-con0-enable valuelen=4
26:131  0:000     Add key=enable-lspcon-support valuelen=4
26:131  0:000     Add key=enable-hdmi20 valuelen=4
26:131  0:000     Add key=enable-hdmi-dividers-fix valuelen=4
26:131  0:000     Add key=device_type valuelen=26
26:131  0:000     Add key=device-id valuelen=4
26:131  0:000     Add key=AAPL,slot-name valuelen=15
26:131  0:000     Add key=AAPL,ig-platform-id valuelen=4
26:131  0:000     Add key=AAPL,GfxYTile valuelen=4
26:131  0:000  add device: PciRoot(0x0)/Pci(0x1F,0x3)
26:131  0:000     Add key=model valuelen=49
26:131  0:000     Add key=layout-id valuelen=4
26:131  0:000     Add key=device_type valuelen=13
26:131  0:000     Add key=AAPL,slot-name valuelen=16
26:131  0:000  Intel GFX injection not set
26:132  0:000   RCBA disabled; cannot use it
26:132  0:000  stringlength = 3538
26:132  0:000  CurrentMode: Width=1366 Height=768
26:132  0:000  Beginning FSInjection
FSInjectionInstall ...
- Our FSI_SIMPLE_FILE_SYSTEM_PROTOCOL installed on handle: 6EA60F98
FSInjectionInstall ...
- Our FSI_SIMPLE_FILE_SYSTEM_PROTOCOL installed on handle: 6EA60F98
26:135  0:002  Use origin smbios table type 1 guid.
26:136  0:000    Force kext: System\Library\Extensions\IONetworkingFamily.kext
26:153  0:017      Force PlugIn kext: System\Library\Extensions\IONetworkingFamily.kext\Contents\PlugIns\AppleEthernetAquantiaAqtion.kext
26:168  0:015      Force PlugIn kext: System\Library\Extensions\IONetworkingFamily.kext\Contents\PlugIns\AppleBCM5701Ethernet.kext
26:186  0:017      Force PlugIn kext: System\Library\Extensions\IONetworkingFamily.kext\Contents\PlugIns\AppleIntelI210Ethernet.kext
26:198  0:012      Force PlugIn kext: System\Library\Extensions\IONetworkingFamily.kext\Contents\PlugIns\Intel82574L.kext
26:211  0:012      Force PlugIn kext: System\Library\Extensions\IONetworkingFamily.kext\Contents\PlugIns\IOEthernetAVBController.kext
26:219  0:008      Force PlugIn kext: System\Library\Extensions\IONetworkingFamily.kext\Contents\PlugIns\AppleEthernetAquantiaAqtionFirmware.kext
26:229  0:010      Force PlugIn kext: System\Library\Extensions\IONetworkingFamily.kext\Contents\PlugIns\AppleIntel8254XEthernet.kext
26:240  0:010      Force PlugIn kext: System\Library\Extensions\IONetworkingFamily.kext\Contents\PlugIns\AppleVmxnet3Ethernet.kext
26:250  0:009      Force PlugIn kext: System\Library\Extensions\IONetworkingFamily.kext\Contents\PlugIns\mDNSOffloadUserClient.kext
26:258  0:008  Preparing kexts injection for arch=x86_64 from EFI\CLOVER\kexts\Other
26:258  0:000  ->Extra kext: EFI\CLOVER\kexts\Other\VoodooI2C.kext (v.2.3)
26:281  0:022      |-- PlugIn kext: EFI\CLOVER\kexts\Other\VoodooI2C.kext\Contents\PlugIns\VoodooI2CServices.kext (v.1)
26:290  0:009      |-- PlugIn kext: EFI\CLOVER\kexts\Other\VoodooI2C.kext\Contents\PlugIns\VoodooGPIO.kext (v.1.1)
26:301  0:010  ->Extra kext: EFI\CLOVER\kexts\Other\VoodooPS2Controller.kext (v.2.1.0)
26:314  0:013      |-- PlugIn kext: EFI\CLOVER\kexts\Other\VoodooPS2Controller.kext\Contents\PlugIns\VoodooPS2Keyboard.kext (v.2.1.0)
26:338  0:024  ->Extra kext: EFI\CLOVER\kexts\Other\VirtualSMC.kext (v.1.0.9)
26:359  0:020  ->Extra kext: EFI\CLOVER\kexts\Other\VoodooI2CHID.kext (v.1)
26:381  0:022  ->Extra kext: EFI\CLOVER\kexts\Other\SMCProcessor.kext (v.1.0.9)
26:394  0:012  ->Extra kext: EFI\CLOVER\kexts\Other\SMCBatteryManager.kext (v.1)
26:408  0:013  ->Extra kext: EFI\CLOVER\kexts\Other\WhateverGreen.kext (v.1.3.5)
26:422  0:014  ->Extra kext: EFI\CLOVER\kexts\Other\NullEthernet.kext (v.1.0.6)
26:432  0:009  ->Extra kext: EFI\CLOVER\kexts\Other\AppleALC.kext (v.1.4.4)
27:324  0:892  ->Extra kext: EFI\CLOVER\kexts\Other\Lilu.kext (v.1.4.0)
27:338  0:013  Preparing kexts injection for arch=x86_64 from EFI\CLOVER\kexts\10
27:338  0:000  Preparing kexts injection for arch=x86_64 from EFI\CLOVER\kexts\10_normal
27:338  0:000  Preparing kexts injection for arch=x86_64 from EFI\CLOVER\kexts\10.15
27:338  0:000  Preparing kexts injection for arch=x86_64 from EFI\CLOVER\kexts\10.15_normal
27:338  0:000  Preparing kexts injection for arch=x86_64 from EFI\CLOVER\kexts\10.15.3
27:338  0:000  Preparing kexts injection for arch=x86_64 from EFI\CLOVER\kexts\10.15.3_normal
27:342  0:004  SetStartupDiskVolume:
27:342  0:000    * Volume: 'MacOS HD'
27:342  0:000    * LoaderPath: '<null string>'
27:342  0:000    * DevPath: MacOS HD
27:342  0:000    * GUID = B6858737-B537-4C37-8B97-BA4ACE98C6C1
27:342  0:000    * efi-boot-device: <array><dict><key>IOMatch</key><dict><key>IOProviderClass</key><string>IOMedia</string><key>IOPropertyMatch</key><dict><key>UUID</key><string>B6858737-B537-4C37-8B97-BA4ACE98C6C1</string></dict></dict></dict></array>
27:343  0:000  SetScreenResolution: 1366x768 - already set
27:343  0:000  Custom boot is disabled
27:343  0:000  Closing log
